  bullet.cpp
  bullet_UI.cpp
bullet_UI.cpp(38): warning C4800: 'int': ブール値を 'true' または 'false' に強制的に設定します (警告の処理)
bullet_UI.cpp(39): warning C4800: 'int': ブール値を 'true' または 'false' に強制的に設定します (警告の処理)
bullet_UI.cpp(40): warning C4800: 'int': ブール値を 'true' または 'false' に強制的に設定します (警告の処理)
  character.cpp
  enemy.cpp
  game.cpp
  life.cpp
  manager.cpp
  player.cpp
  ranking.cpp
  ranking_logo.cpp
  ranking_rank.cpp
  ranking_score.cpp
  result.cpp
  result_score.cpp
  scene2D.cpp
  stock.cpp
  textdata.cpp
  textdata_enemy.cpp
  textdata_player.cpp
  textdata_ranking.cpp
  コンパイル中...
  textdata_system.cpp
  コード生成しています。
  47 of 525 functions ( 9.0%) were compiled, the rest were copied from previous compilation.
    11 functions were new in current compilation
    36 functions had inline decision re-evaluated but remain unchanged
  コード生成が終了しました。
  Cpp_2DSTG.vcxproj -> C:\Users\student\Desktop\C++制作\Cpp_2DSTG_3\Cpp_2DSTG.exe
  Cpp_2DSTG.vcxproj -> C:\Users\student\Desktop\C++制作\Cpp_2DSTG_3\Cpp_2DSTG.pdb (Full PDB)
